# JRE version: OpenJDK Runtime Environment Temurin-21.0.8+9 (21.0.8+9) (build 21.0.8+9-LTS)
# Java VM: OpenJDK 64-Bit Server VM Temurin-21.0.8+9 (21.0.8+9-LTS, mixed mode, sharing, tiered, compressed oops, compressed class ptrs, parallel gc, windows-amd64)
GC Precious Log:
 CardTable entry size: 512
 CPUs: 8 total, 8 available
 Memory: 7929M
 Large Page Support: Disabled
 NUMA Support: Disabled
 Compressed Oops: Enabled (32-bit)
 Alignments: Space 512K, Generation 512K, Heap 2M
 Heap Min Capacity: 100M
 Heap Initial Capacity: 100M
 Heap Max Capacity: 2G
 Pre-touch: Disabled
 Parallel Workers: 8
Heap:
 PSYoungGen      total 23040K, used 2596K [0x00000000d5580000, 0x00000000d7180000, 0x0000000100000000)
  eden space 22016K, 7% used [0x00000000d5580000,0x00000000d5709390,0x00000000d6b00000)
  from space 1024K, 100% used [0x00000000d7080000,0x00000000d7180000,0x00000000d7180000)
  to   space 2048K, 0% used [0x00000000d6d80000,0x00000000d6d80000,0x00000000d6f80000)
 ParOldGen       total 68608K, used 19887K [0x0000000080000000, 0x0000000084300000, 0x00000000d5580000)
  object space 68608K, 28% used [0x0000000080000000,0x000000008136bec0,0x0000000084300000)
 Metaspace       used 40984K, committed 42112K, reserved 1114112K
  class space    used 4414K, committed 4928K, reserved 1048576K
GC Heap History (20 events):
Event: 3.710 GC heap before
{Heap before GC invocations=9 (full 1):
 PSYoungGen      total 29184K, used 24576K [0x00000000d5580000, 0x00000000d7680000, 0x0000000100000000)
  eden space 24576K, 100% used [0x00000000d5580000,0x00000000d6d80000,0x00000000d6d80000)
  from space 4608K, 0% used [0x00000000d6e80000,0x00000000d6e80000,0x00000000d7300000)
  to   space 3584K, 0% used [0x00000000d7300000,0x00000000d7300000,0x00000000d7680000)
 ParOldGen       total 68608K, used 12673K [0x0000000080000000, 0x0000000084300000, 0x00000000d5580000)
  object space 68608K, 18% used [0x0000000080000000,0x0000000080c604c0,0x0000000084300000)
 Metaspace       used 23002K, committed 23872K, reserved 1114112K
  class space    used 2348K, committed 2752K, reserved 1048576K
}
Event: 3.711 GC heap after
{Heap after GC invocations=9 (full 1):
 PSYoungGen      total 25088K, used 636K [0x00000000d5580000, 0x00000000d7400000, 0x0000000100000000)
  eden space 24064K, 0% used [0x00000000d5580000,0x00000000d5580000,0x00000000d6d00000)
  from space 1024K, 62% used [0x00000000d7300000,0x00000000d739f3f0,0x00000000d7400000)
  to   space 2048K, 0% used [0x00000000d7000000,0x00000000d7000000,0x00000000d7200000)
 ParOldGen       total 68608K, used 12681K [0x0000000080000000, 0x0000000084300000, 0x00000000d5580000)
  object space 68608K, 18% used [0x0000000080000000,0x0000000080c624c0,0x0000000084300000)
 Metaspace       used 23002K, committed 23872K, reserved 1114112K
  class space    used 2348K, committed 2752K, reserved 1048576K
}
Event: 3.882 GC heap before
{Heap before GC invocations=10 (full 1):
 PSYoungGen      total 25088K, used 24059K [0x00000000d5580000, 0x00000000d7400000, 0x0000000100000000)
  eden space 24064K, 97% used [0x00000000d5580000,0x00000000d6c5f940,0x00000000d6d00000)
  from space 1024K, 62% used [0x00000000d7300000,0x00000000d739f3f0,0x00000000d7400000)
  to   space 2048K, 0% used [0x00000000d7000000,0x00000000d7000000,0x00000000d7200000)
 ParOldGen       total 68608K, used 12681K [0x0000000080000000, 0x0000000084300000, 0x00000000d5580000)
  object space 68608K, 18% used [0x0000000080000000,0x0000000080c624c0,0x0000000084300000)
 Metaspace       used 26424K, committed 27264K, reserved 1114112K
  class space    used 2616K, committed 3008K, reserved 1048576K
}
Event: 3.884 GC heap after
{Heap after GC invocations=10 (full 1):
 PSYoungGen      total 25600K, used 1660K [0x00000000d5580000, 0x00000000d7380000, 0x0000000100000000)
  eden space 23552K, 0% used [0x00000000d5580000,0x00000000d5580000,0x00000000d6c80000)
  from space 2048K, 81% used [0x00000000d7000000,0x00000000d719f3a8,0x00000000d7200000)
  to   space 1536K, 0% used [0x00000000d7200000,0x00000000d7200000,0x00000000d7380000)
 ParOldGen       total 68608K, used 12689K [0x0000000080000000, 0x0000000084300000, 0x00000000d5580000)
  object space 68608K, 18% used [0x0000000080000000,0x0000000080c644c0,0x0000000084300000)
 Metaspace       used 26424K, committed 27264K, reserved 1114112K
  class space    used 2616K, committed 3008K, reserved 1048576K
}
Event: 4.222 GC heap before
{Heap before GC invocations=11 (full 1):
 PSYoungGen      total 25600K, used 25212K [0x00000000d5580000, 0x00000000d7380000, 0x0000000100000000)
  eden space 23552K, 100% used [0x00000000d5580000,0x00000000d6c80000,0x00000000d6c80000)
  from space 2048K, 81% used [0x00000000d7000000,0x00000000d719f3a8,0x00000000d7200000)
  to   space 1536K, 0% used [0x00000000d7200000,0x00000000d7200000,0x00000000d7380000)
 ParOldGen       total 68608K, used 12689K [0x0000000080000000, 0x0000000084300000, 0x00000000d5580000)
  object space 68608K, 18% used [0x0000000080000000,0x0000000080c644c0,0x0000000084300000)
 Metaspace       used 28291K, committed 29184K, reserved 1114112K
  class space    used 2750K, committed 3136K, reserved 1048576K
}
Event: 4.225 GC heap after
{Heap after GC invocations=11 (full 1):
 PSYoungGen      total 24576K, used 1250K [0x00000000d5580000, 0x00000000d7380000, 0x0000000100000000)
  eden space 23040K, 0% used [0x00000000d5580000,0x00000000d5580000,0x00000000d6c00000)
  from space 1536K, 81% used [0x00000000d7200000,0x00000000d7338a90,0x00000000d7380000)
  to   space 1536K, 0% used [0x00000000d7080000,0x00000000d7080000,0x00000000d7200000)
 ParOldGen       total 68608K, used 14783K [0x0000000080000000, 0x0000000084300000, 0x00000000d5580000)
  object space 68608K, 21% used [0x0000000080000000,0x0000000080e6fda0,0x0000000084300000)
 Metaspace       used 28291K, committed 29184K, reserved 1114112K
  class space    used 2750K, committed 3136K, reserved 1048576K
}
Event: 4.678 GC heap before
{Heap before GC invocations=12 (full 1):
 PSYoungGen      total 24576K, used 24283K [0x00000000d5580000, 0x00000000d7380000, 0x0000000100000000)
  eden space 23040K, 99% used [0x00000000d5580000,0x00000000d6bfe338,0x00000000d6c00000)
  from space 1536K, 81% used [0x00000000d7200000,0x00000000d7338a90,0x00000000d7380000)
  to   space 1536K, 0% used [0x00000000d7080000,0x00000000d7080000,0x00000000d7200000)
 ParOldGen       total 68608K, used 14783K [0x0000000080000000, 0x0000000084300000, 0x00000000d5580000)
  object space 68608K, 21% used [0x0000000080000000,0x0000000080e6fda0,0x0000000084300000)
 Metaspace       used 31436K, committed 32512K, reserved 1114112K
  class space    used 3145K, committed 3584K, reserved 1048576K
}
Event: 4.684 GC heap after
{Heap after GC invocations=12 (full 1):
 PSYoungGen      total 24064K, used 1509K [0x00000000d5580000, 0x00000000d7280000, 0x0000000100000000)
  eden space 22528K, 0% used [0x00000000d5580000,0x00000000d5580000,0x00000000d6b80000)
  from space 1536K, 98% used [0x00000000d7080000,0x00000000d71f9780,0x00000000d7200000)
  to   space 512K, 0% used [0x00000000d7200000,0x00000000d7200000,0x00000000d7280000)
 ParOldGen       total 68608K, used 15943K [0x0000000080000000, 0x0000000084300000, 0x00000000d5580000)
  object space 68608K, 23% used [0x0000000080000000,0x0000000080f91d90,0x0000000084300000)
 Metaspace       used 31436K, committed 32512K, reserved 1114112K
  class space    used 3145K, committed 3584K, reserved 1048576K
}
Event: 4.925 GC heap before
{Heap before GC invocations=13 (full 1):
 PSYoungGen      total 24064K, used 24037K [0x00000000d5580000, 0x00000000d7280000, 0x0000000100000000)
  eden space 22528K, 100% used [0x00000000d5580000,0x00000000d6b80000,0x00000000d6b80000)
  from space 1536K, 98% used [0x00000000d7080000,0x00000000d71f9780,0x00000000d7200000)
  to   space 512K, 0% used [0x00000000d7200000,0x00000000d7200000,0x00000000d7280000)
 ParOldGen       total 68608K, used 15943K [0x0000000080000000, 0x0000000084300000, 0x00000000d5580000)
  object space 68608K, 23% used [0x0000000080000000,0x0000000080f91d90,0x0000000084300000)
 Metaspace       used 34451K, committed 35520K, reserved 1114112K
  class space    used 3547K, committed 4032K, reserved 1048576K
}
Event: 4.928 GC heap after
{Heap after GC invocations=13 (full 1):
 PSYoungGen      total 22528K, used 512K [0x00000000d5580000, 0x00000000d7280000, 0x0000000100000000)
  eden space 22016K, 0% used [0x00000000d5580000,0x00000000d5580000,0x00000000d6b00000)
  from space 512K, 100% used [0x00000000d7200000,0x00000000d7280000,0x00000000d7280000)
  to   space 3072K, 0% used [0x00000000d6c80000,0x00000000d6c80000,0x00000000d6f80000)
 ParOldGen       total 68608K, used 18355K [0x0000000080000000, 0x0000000084300000, 0x00000000d5580000)
  object space 68608K, 26% used [0x0000000080000000,0x00000000811ecdb0,0x0000000084300000)
 Metaspace       used 34451K, committed 35520K, reserved 1114112K
  class space    used 3547K, committed 4032K, reserved 1048576K
}
Event: 4.963 GC heap before
{Heap before GC invocations=14 (full 1):
 PSYoungGen      total 22528K, used 2929K [0x00000000d5580000, 0x00000000d7280000, 0x0000000100000000)
  eden space 22016K, 10% used [0x00000000d5580000,0x00000000d57dc4e0,0x00000000d6b00000)
  from space 512K, 100% used [0x00000000d7200000,0x00000000d7280000,0x00000000d7280000)
  to   space 3072K, 0% used [0x00000000d6c80000,0x00000000d6c80000,0x00000000d6f80000)
 ParOldGen       total 68608K, used 18355K [0x0000000080000000, 0x0000000084300000, 0x00000000d5580000)
  object space 68608K, 26% used [0x0000000080000000,0x00000000811ecdb0,0x0000000084300000)
 Metaspace       used 34752K, committed 35840K, reserved 1114112K
  class space    used 3585K, committed 4096K, reserved 1048576K
}
Event: 4.965 GC heap after
{Heap after GC invocations=14 (full 1):
 PSYoungGen      total 25088K, used 288K [0x00000000d5580000, 0x00000000d7280000, 0x0000000100000000)
  eden space 22016K, 0% used [0x00000000d5580000,0x00000000d5580000,0x00000000d6b00000)
  from space 3072K, 9% used [0x00000000d6c80000,0x00000000d6cc8000,0x00000000d6f80000)
  to   space 1536K, 0% used [0x00000000d7100000,0x00000000d7100000,0x00000000d7280000)
 ParOldGen       total 68608K, used 18803K [0x0000000080000000, 0x0000000084300000, 0x00000000d5580000)
  object space 68608K, 27% used [0x0000000080000000,0x000000008125cdb0,0x0000000084300000)
 Metaspace       used 34752K, committed 35840K, reserved 1114112K
  class space    used 3585K, committed 4096K, reserved 1048576K
}
Event: 4.965 GC heap before
{Heap before GC invocations=15 (full 2):
 PSYoungGen      total 25088K, used 288K [0x00000000d5580000, 0x00000000d7280000, 0x0000000100000000)
  eden space 22016K, 0% used [0x00000000d5580000,0x00000000d5580000,0x00000000d6b00000)
  from space 3072K, 9% used [0x00000000d6c80000,0x00000000d6cc8000,0x00000000d6f80000)
  to   space 1536K, 0% used [0x00000000d7100000,0x00000000d7100000,0x00000000d7280000)
 ParOldGen       total 68608K, used 18803K [0x0000000080000000, 0x0000000084300000, 0x00000000d5580000)
  object space 68608K, 27% used [0x0000000080000000,0x000000008125cdb0,0x0000000084300000)
 Metaspace       used 34752K, committed 35840K, reserved 1114112K
  class space    used 3585K, committed 4096K, reserved 1048576K
}
Event: 5.005 GC heap after
{Heap after GC invocations=15 (full 2):
 PSYoungGen      total 25088K, used 0K [0x00000000d5580000, 0x00000000d7280000, 0x0000000100000000)
  eden space 22016K, 0% used [0x00000000d5580000,0x00000000d5580000,0x00000000d6b00000)
  from space 3072K, 0% used [0x00000000d6c80000,0x00000000d6c80000,0x00000000d6f80000)
  to   space 1536K, 0% used [0x00000000d7100000,0x00000000d7100000,0x00000000d7280000)
 ParOldGen       total 68608K, used 18311K [0x0000000080000000, 0x0000000084300000, 0x00000000d5580000)
  object space 68608K, 26% used [0x0000000080000000,0x00000000811e1eb0,0x0000000084300000)
 Metaspace       used 34752K, committed 35840K, reserved 1114112K
  class space    used 3585K, committed 4096K, reserved 1048576K
}
Event: 5.245 GC heap before
{Heap before GC invocations=16 (full 2):
 PSYoungGen      total 25088K, used 22016K [0x00000000d5580000, 0x00000000d7280000, 0x0000000100000000)
  eden space 22016K, 100% used [0x00000000d5580000,0x00000000d6b00000,0x00000000d6b00000)
  from space 3072K, 0% used [0x00000000d6c80000,0x00000000d6c80000,0x00000000d6f80000)
  to   space 1536K, 0% used [0x00000000d7100000,0x00000000d7100000,0x00000000d7280000)
 ParOldGen       total 68608K, used 18311K [0x0000000080000000, 0x0000000084300000, 0x00000000d5580000)
  object space 68608K, 26% used [0x0000000080000000,0x00000000811e1eb0,0x0000000084300000)
 Metaspace       used 36506K, committed 37632K, reserved 1114112K
  class space    used 3842K, committed 4352K, reserved 1048576K
}
Event: 5.248 GC heap after
{Heap after GC invocations=16 (full 2):
 PSYoungGen      total 23552K, used 1165K [0x00000000d5580000, 0x00000000d7280000, 0x0000000100000000)
  eden space 22016K, 0% used [0x00000000d5580000,0x00000000d5580000,0x00000000d6b00000)
  from space 1536K, 75% used [0x00000000d7100000,0x00000000d7223610,0x00000000d7280000)
  to   space 1536K, 0% used [0x00000000d6f80000,0x00000000d6f80000,0x00000000d7100000)
 ParOldGen       total 68608K, used 18319K [0x0000000080000000, 0x0000000084300000, 0x00000000d5580000)
  object space 68608K, 26% used [0x0000000080000000,0x00000000811e3eb0,0x0000000084300000)
 Metaspace       used 36506K, committed 37632K, reserved 1114112K
  class space    used 3842K, committed 4352K, reserved 1048576K
}
Event: 5.560 GC heap before
{Heap before GC invocations=17 (full 2):
 PSYoungGen      total 23552K, used 23181K [0x00000000d5580000, 0x00000000d7280000, 0x0000000100000000)
  eden space 22016K, 100% used [0x00000000d5580000,0x00000000d6b00000,0x00000000d6b00000)
  from space 1536K, 75% used [0x00000000d7100000,0x00000000d7223610,0x00000000d7280000)
  to   space 1536K, 0% used [0x00000000d6f80000,0x00000000d6f80000,0x00000000d7100000)
 ParOldGen       total 68608K, used 18319K [0x0000000080000000, 0x0000000084300000, 0x00000000d5580000)
  object space 68608K, 26% used [0x0000000080000000,0x00000000811e3eb0,0x0000000084300000)
 Metaspace       used 38318K, committed 39488K, reserved 1114112K
  class space    used 4068K, committed 4608K, reserved 1048576K
}
Event: 5.562 GC heap after
{Heap after GC invocations=17 (full 2):
 PSYoungGen      total 23040K, used 928K [0x00000000d5580000, 0x00000000d7180000, 0x0000000100000000)
  eden space 22016K, 0% used [0x00000000d5580000,0x00000000d5580000,0x00000000d6b00000)
  from space 1024K, 90% used [0x00000000d6f80000,0x00000000d7068000,0x00000000d7080000)
  to   space 1024K, 0% used [0x00000000d7080000,0x00000000d7080000,0x00000000d7180000)
 ParOldGen       total 68608K, used 19103K [0x0000000080000000, 0x0000000084300000, 0x00000000d5580000)
  object space 68608K, 27% used [0x0000000080000000,0x00000000812a7ec0,0x0000000084300000)
 Metaspace       used 38318K, committed 39488K, reserved 1114112K
  class space    used 4068K, committed 4608K, reserved 1048576K
}
Event: 6.458 GC heap before
{Heap before GC invocations=18 (full 2):
 PSYoungGen      total 23040K, used 22944K [0x00000000d5580000, 0x00000000d7180000, 0x0000000100000000)
  eden space 22016K, 100% used [0x00000000d5580000,0x00000000d6b00000,0x00000000d6b00000)
  from space 1024K, 90% used [0x00000000d6f80000,0x00000000d7068000,0x00000000d7080000)
  to   space 1024K, 0% used [0x00000000d7080000,0x00000000d7080000,0x00000000d7180000)
 ParOldGen       total 68608K, used 19103K [0x0000000080000000, 0x0000000084300000, 0x00000000d5580000)
  object space 68608K, 27% used [0x0000000080000000,0x00000000812a7ec0,0x0000000084300000)
 Metaspace       used 40837K, committed 41984K, reserved 1114112K
  class space    used 4393K, committed 4928K, reserved 1048576K
}
Event: 6.464 GC heap after
{Heap after GC invocations=18 (full 2):
 PSYoungGen      total 23040K, used 1024K [0x00000000d5580000, 0x00000000d7180000, 0x0000000100000000)
  eden space 22016K, 0% used [0x00000000d5580000,0x00000000d5580000,0x00000000d6b00000)
  from space 1024K, 100% used [0x00000000d7080000,0x00000000d7180000,0x00000000d7180000)
  to   space 2048K, 0% used [0x00000000d6d80000,0x00000000d6d80000,0x00000000d6f80000)
 ParOldGen       total 68608K, used 19887K [0x0000000080000000, 0x0000000084300000, 0x00000000d5580000)
  object space 68608K, 28% used [0x0000000080000000,0x000000008136bec0,0x0000000084300000)
 Metaspace       used 40837K, committed 41984K, reserved 1114112K
  class space    used 4393K, committed 4928K, reserved 1048576K
}

