# JRE version: OpenJDK Runtime Environment Temurin-21.0.8+9 (21.0.8+9) (build 21.0.8+9-LTS)
# Java VM: OpenJDK 64-Bit Server VM Temurin-21.0.8+9 (21.0.8+9-LTS, mixed mode, sharing, tiered, compressed oops, compressed class ptrs, parallel gc, windows-amd64)
GC Precious Log:
 CardTable entry size: 512
 CPUs: 8 total, 8 available
 Memory: 7929M
 Large Page Support: Disabled
 NUMA Support: Disabled
 Compressed Oops: Enabled (32-bit)
 Alignments: Space 512K, Generation 512K, Heap 2M
 Heap Min Capacity: 100M
 Heap Initial Capacity: 100M
 Heap Max Capacity: 2G
 Pre-touch: Disabled
 Parallel Workers: 8
Heap:
 PSYoungGen      total 20992K, used 3108K [0x00000000d5580000, 0x00000000d6b80000, 0x0000000100000000)
  eden space 19968K, 12% used [0x00000000d5580000,0x00000000d57f3fd0,0x00000000d6900000)
  from space 1024K, 58% used [0x00000000d6a80000,0x00000000d6b15170,0x00000000d6b80000)
  to   space 1024K, 0% used [0x00000000d6900000,0x00000000d6900000,0x00000000d6a00000)
 ParOldGen       total 68608K, used 36016K [0x0000000080000000, 0x0000000084300000, 0x00000000d5580000)
  object space 68608K, 52% used [0x0000000080000000,0x000000008232c020,0x0000000084300000)
 Metaspace       used 45391K, committed 46592K, reserved 1114112K
  class space    used 4653K, committed 5184K, reserved 1048576K
GC Heap History (20 events):
Event: 21.649 GC heap before
{Heap before GC invocations=21 (full 2):
 PSYoungGen      total 24576K, used 24320K [0x00000000d5580000, 0x00000000d7080000, 0x0000000100000000)
  eden space 22016K, 100% used [0x00000000d5580000,0x00000000d6b00000,0x00000000d6b00000)
  from space 2560K, 90% used [0x00000000d6e00000,0x00000000d7040000,0x00000000d7080000)
  to   space 2560K, 0% used [0x00000000d6b80000,0x00000000d6b80000,0x00000000d6e00000)
 ParOldGen       total 68608K, used 23950K [0x0000000080000000, 0x0000000084300000, 0x00000000d5580000)
  object space 68608K, 34% used [0x0000000080000000,0x0000000081763be0,0x0000000084300000)
 Metaspace       used 40830K, committed 41984K, reserved 1114112K
  class space    used 4192K, committed 4736K, reserved 1048576K
}
Event: 21.654 GC heap after
{Heap after GC invocations=21 (full 2):
 PSYoungGen      total 24576K, used 2244K [0x00000000d5580000, 0x00000000d7000000, 0x0000000100000000)
  eden space 22016K, 0% used [0x00000000d5580000,0x00000000d5580000,0x00000000d6b00000)
  from space 2560K, 87% used [0x00000000d6b80000,0x00000000d6db1000,0x00000000d6e00000)
  to   space 2048K, 0% used [0x00000000d6e00000,0x00000000d6e00000,0x00000000d7000000)
 ParOldGen       total 68608K, used 26093K [0x0000000080000000, 0x0000000084300000, 0x00000000d5580000)
  object space 68608K, 38% used [0x0000000080000000,0x000000008197b5a8,0x0000000084300000)
 Metaspace       used 40830K, committed 41984K, reserved 1114112K
  class space    used 4192K, committed 4736K, reserved 1048576K
}
Event: 21.733 GC heap before
{Heap before GC invocations=22 (full 2):
 PSYoungGen      total 24576K, used 24260K [0x00000000d5580000, 0x00000000d7000000, 0x0000000100000000)
  eden space 22016K, 100% used [0x00000000d5580000,0x00000000d6b00000,0x00000000d6b00000)
  from space 2560K, 87% used [0x00000000d6b80000,0x00000000d6db1000,0x00000000d6e00000)
  to   space 2048K, 0% used [0x00000000d6e00000,0x00000000d6e00000,0x00000000d7000000)
 ParOldGen       total 68608K, used 26093K [0x0000000080000000, 0x0000000084300000, 0x00000000d5580000)
  object space 68608K, 38% used [0x0000000080000000,0x000000008197b5a8,0x0000000084300000)
 Metaspace       used 40917K, committed 42176K, reserved 1114112K
  class space    used 4194K, committed 4736K, reserved 1048576K
}
Event: 21.737 GC heap after
{Heap after GC invocations=22 (full 2):
 PSYoungGen      total 22016K, used 2016K [0x00000000d5580000, 0x00000000d7500000, 0x0000000100000000)
  eden space 19968K, 0% used [0x00000000d5580000,0x00000000d5580000,0x00000000d6900000)
  from space 2048K, 98% used [0x00000000d6e00000,0x00000000d6ff8010,0x00000000d7000000)
  to   space 5120K, 0% used [0x00000000d6900000,0x00000000d6900000,0x00000000d6e00000)
 ParOldGen       total 68608K, used 28417K [0x0000000080000000, 0x0000000084300000, 0x00000000d5580000)
  object space 68608K, 41% used [0x0000000080000000,0x0000000081bc04d8,0x0000000084300000)
 Metaspace       used 40917K, committed 42176K, reserved 1114112K
  class space    used 4194K, committed 4736K, reserved 1048576K
}
Event: 21.826 GC heap before
{Heap before GC invocations=23 (full 2):
 PSYoungGen      total 22016K, used 21984K [0x00000000d5580000, 0x00000000d7500000, 0x0000000100000000)
  eden space 19968K, 100% used [0x00000000d5580000,0x00000000d6900000,0x00000000d6900000)
  from space 2048K, 98% used [0x00000000d6e00000,0x00000000d6ff8010,0x00000000d7000000)
  to   space 5120K, 0% used [0x00000000d6900000,0x00000000d6900000,0x00000000d6e00000)
 ParOldGen       total 68608K, used 28417K [0x0000000080000000, 0x0000000084300000, 0x00000000d5580000)
  object space 68608K, 41% used [0x0000000080000000,0x0000000081bc04d8,0x0000000084300000)
 Metaspace       used 41052K, committed 42240K, reserved 1114112K
  class space    used 4194K, committed 4736K, reserved 1048576K
}
Event: 21.832 GC heap after
{Heap after GC invocations=23 (full 2):
 PSYoungGen      total 22016K, used 1944K [0x00000000d5580000, 0x00000000d6f00000, 0x0000000100000000)
  eden space 19968K, 0% used [0x00000000d5580000,0x00000000d5580000,0x00000000d6900000)
  from space 2048K, 94% used [0x00000000d6900000,0x00000000d6ae6200,0x00000000d6b00000)
  to   space 3072K, 0% used [0x00000000d6c00000,0x00000000d6c00000,0x00000000d6f00000)
 ParOldGen       total 68608K, used 30457K [0x0000000080000000, 0x0000000084300000, 0x00000000d5580000)
  object space 68608K, 44% used [0x0000000080000000,0x0000000081dbe4e8,0x0000000084300000)
 Metaspace       used 41052K, committed 42240K, reserved 1114112K
  class space    used 4194K, committed 4736K, reserved 1048576K
}
Event: 21.936 GC heap before
{Heap before GC invocations=24 (full 2):
 PSYoungGen      total 22016K, used 21912K [0x00000000d5580000, 0x00000000d6f00000, 0x0000000100000000)
  eden space 19968K, 100% used [0x00000000d5580000,0x00000000d6900000,0x00000000d6900000)
  from space 2048K, 94% used [0x00000000d6900000,0x00000000d6ae6200,0x00000000d6b00000)
  to   space 3072K, 0% used [0x00000000d6c00000,0x00000000d6c00000,0x00000000d6f00000)
 ParOldGen       total 68608K, used 30457K [0x0000000080000000, 0x0000000084300000, 0x00000000d5580000)
  object space 68608K, 44% used [0x0000000080000000,0x0000000081dbe4e8,0x0000000084300000)
 Metaspace       used 41215K, committed 42368K, reserved 1114112K
  class space    used 4210K, committed 4736K, reserved 1048576K
}
Event: 21.942 GC heap after
{Heap after GC invocations=24 (full 2):
 PSYoungGen      total 21504K, used 1312K [0x00000000d5580000, 0x00000000d6d80000, 0x0000000100000000)
  eden space 19968K, 0% used [0x00000000d5580000,0x00000000d5580000,0x00000000d6900000)
  from space 1536K, 85% used [0x00000000d6c00000,0x00000000d6d48000,0x00000000d6d80000)
  to   space 2048K, 0% used [0x00000000d6980000,0x00000000d6980000,0x00000000d6b80000)
 ParOldGen       total 68608K, used 32249K [0x0000000080000000, 0x0000000084300000, 0x00000000d5580000)
  object space 68608K, 47% used [0x0000000080000000,0x0000000081f7e6e8,0x0000000084300000)
 Metaspace       used 41215K, committed 42368K, reserved 1114112K
  class space    used 4210K, committed 4736K, reserved 1048576K
}
Event: 22.026 GC heap before
{Heap before GC invocations=25 (full 2):
 PSYoungGen      total 21504K, used 21280K [0x00000000d5580000, 0x00000000d6d80000, 0x0000000100000000)
  eden space 19968K, 100% used [0x00000000d5580000,0x00000000d6900000,0x00000000d6900000)
  from space 1536K, 85% used [0x00000000d6c00000,0x00000000d6d48000,0x00000000d6d80000)
  to   space 2048K, 0% used [0x00000000d6980000,0x00000000d6980000,0x00000000d6b80000)
 ParOldGen       total 68608K, used 32249K [0x0000000080000000, 0x0000000084300000, 0x00000000d5580000)
  object space 68608K, 47% used [0x0000000080000000,0x0000000081f7e6e8,0x0000000084300000)
 Metaspace       used 41225K, committed 42368K, reserved 1114112K
  class space    used 4210K, committed 4736K, reserved 1048576K
}
Event: 22.028 GC heap after
{Heap after GC invocations=25 (full 2):
 PSYoungGen      total 22016K, used 288K [0x00000000d5580000, 0x00000000d6c80000, 0x0000000100000000)
  eden space 19968K, 0% used [0x00000000d5580000,0x00000000d5580000,0x00000000d6900000)
  from space 2048K, 14% used [0x00000000d6980000,0x00000000d69c8000,0x00000000d6b80000)
  to   space 1024K, 0% used [0x00000000d6b80000,0x00000000d6b80000,0x00000000d6c80000)
 ParOldGen       total 68608K, used 33317K [0x0000000080000000, 0x0000000084300000, 0x00000000d5580000)
  object space 68608K, 48% used [0x0000000080000000,0x0000000082089488,0x0000000084300000)
 Metaspace       used 41225K, committed 42368K, reserved 1114112K
  class space    used 4210K, committed 4736K, reserved 1048576K
}
Event: 22.097 GC heap before
{Heap before GC invocations=26 (full 2):
 PSYoungGen      total 22016K, used 20256K [0x00000000d5580000, 0x00000000d6c80000, 0x0000000100000000)
  eden space 19968K, 100% used [0x00000000d5580000,0x00000000d6900000,0x00000000d6900000)
  from space 2048K, 14% used [0x00000000d6980000,0x00000000d69c8000,0x00000000d6b80000)
  to   space 1024K, 0% used [0x00000000d6b80000,0x00000000d6b80000,0x00000000d6c80000)
 ParOldGen       total 68608K, used 33317K [0x0000000080000000, 0x0000000084300000, 0x00000000d5580000)
  object space 68608K, 48% used [0x0000000080000000,0x0000000082089488,0x0000000084300000)
 Metaspace       used 41267K, committed 42432K, reserved 1114112K
  class space    used 4210K, committed 4736K, reserved 1048576K
}
Event: 22.098 GC heap after
{Heap after GC invocations=26 (full 2):
 PSYoungGen      total 20480K, used 384K [0x00000000d5580000, 0x00000000d6c00000, 0x0000000100000000)
  eden space 19968K, 0% used [0x00000000d5580000,0x00000000d5580000,0x00000000d6900000)
  from space 512K, 75% used [0x00000000d6b80000,0x00000000d6be0000,0x00000000d6c00000)
  to   space 512K, 0% used [0x00000000d6b00000,0x00000000d6b00000,0x00000000d6b80000)
 ParOldGen       total 68608K, used 33373K [0x0000000080000000, 0x0000000084300000, 0x00000000d5580000)
  object space 68608K, 48% used [0x0000000080000000,0x0000000082097488,0x0000000084300000)
 Metaspace       used 41267K, committed 42432K, reserved 1114112K
  class space    used 4210K, committed 4736K, reserved 1048576K
}
Event: 22.185 GC heap before
{Heap before GC invocations=27 (full 2):
 PSYoungGen      total 20480K, used 20352K [0x00000000d5580000, 0x00000000d6c00000, 0x0000000100000000)
  eden space 19968K, 100% used [0x00000000d5580000,0x00000000d6900000,0x00000000d6900000)
  from space 512K, 75% used [0x00000000d6b80000,0x00000000d6be0000,0x00000000d6c00000)
  to   space 512K, 0% used [0x00000000d6b00000,0x00000000d6b00000,0x00000000d6b80000)
 ParOldGen       total 68608K, used 33373K [0x0000000080000000, 0x0000000084300000, 0x00000000d5580000)
  object space 68608K, 48% used [0x0000000080000000,0x0000000082097488,0x0000000084300000)
 Metaspace       used 41734K, committed 42944K, reserved 1114112K
  class space    used 4264K, committed 4800K, reserved 1048576K
}
Event: 22.187 GC heap after
{Heap after GC invocations=27 (full 2):
 PSYoungGen      total 20480K, used 384K [0x00000000d5580000, 0x00000000d6c00000, 0x0000000100000000)
  eden space 19968K, 0% used [0x00000000d5580000,0x00000000d5580000,0x00000000d6900000)
  from space 512K, 75% used [0x00000000d6b00000,0x00000000d6b60000,0x00000000d6b80000)
  to   space 512K, 0% used [0x00000000d6b80000,0x00000000d6b80000,0x00000000d6c00000)
 ParOldGen       total 68608K, used 33469K [0x0000000080000000, 0x0000000084300000, 0x00000000d5580000)
  object space 68608K, 48% used [0x0000000080000000,0x00000000820af7c8,0x0000000084300000)
 Metaspace       used 41734K, committed 42944K, reserved 1114112K
  class space    used 4264K, committed 4800K, reserved 1048576K
}
Event: 22.353 GC heap before
{Heap before GC invocations=28 (full 2):
 PSYoungGen      total 20480K, used 20352K [0x00000000d5580000, 0x00000000d6c00000, 0x0000000100000000)
  eden space 19968K, 100% used [0x00000000d5580000,0x00000000d6900000,0x00000000d6900000)
  from space 512K, 75% used [0x00000000d6b00000,0x00000000d6b60000,0x00000000d6b80000)
  to   space 512K, 0% used [0x00000000d6b80000,0x00000000d6b80000,0x00000000d6c00000)
 ParOldGen       total 68608K, used 33469K [0x0000000080000000, 0x0000000084300000, 0x00000000d5580000)
  object space 68608K, 48% used [0x0000000080000000,0x00000000820af7c8,0x0000000084300000)
 Metaspace       used 43076K, committed 44288K, reserved 1114112K
  class space    used 4430K, committed 4992K, reserved 1048576K
}
Event: 22.356 GC heap after
{Heap after GC invocations=28 (full 2):
 PSYoungGen      total 20480K, used 512K [0x00000000d5580000, 0x00000000d6e00000, 0x0000000100000000)
  eden space 19968K, 0% used [0x00000000d5580000,0x00000000d5580000,0x00000000d6900000)
  from space 512K, 100% used [0x00000000d6b80000,0x00000000d6c00000,0x00000000d6c00000)
  to   space 2560K, 0% used [0x00000000d6900000,0x00000000d6900000,0x00000000d6b80000)
 ParOldGen       total 68608K, used 34845K [0x0000000080000000, 0x0000000084300000, 0x00000000d5580000)
  object space 68608K, 50% used [0x0000000080000000,0x0000000082207790,0x0000000084300000)
 Metaspace       used 43076K, committed 44288K, reserved 1114112K
  class space    used 4430K, committed 4992K, reserved 1048576K
}
Event: 23.772 GC heap before
{Heap before GC invocations=29 (full 2):
 PSYoungGen      total 20480K, used 20480K [0x00000000d5580000, 0x00000000d6e00000, 0x0000000100000000)
  eden space 19968K, 100% used [0x00000000d5580000,0x00000000d6900000,0x00000000d6900000)
  from space 512K, 100% used [0x00000000d6b80000,0x00000000d6c00000,0x00000000d6c00000)
  to   space 2560K, 0% used [0x00000000d6900000,0x00000000d6900000,0x00000000d6b80000)
 ParOldGen       total 68608K, used 34845K [0x0000000080000000, 0x0000000084300000, 0x00000000d5580000)
  object space 68608K, 50% used [0x0000000080000000,0x0000000082207790,0x0000000084300000)
 Metaspace       used 44325K, committed 45568K, reserved 1114112K
  class space    used 4559K, committed 5056K, reserved 1048576K
}
Event: 23.775 GC heap after
{Heap after GC invocations=29 (full 2):
 PSYoungGen      total 20992K, used 880K [0x00000000d5580000, 0x00000000d6c00000, 0x0000000100000000)
  eden space 19968K, 0% used [0x00000000d5580000,0x00000000d5580000,0x00000000d6900000)
  from space 1024K, 85% used [0x00000000d6900000,0x00000000d69dc030,0x00000000d6a00000)
  to   space 1536K, 0% used [0x00000000d6a80000,0x00000000d6a80000,0x00000000d6c00000)
 ParOldGen       total 68608K, used 35347K [0x0000000080000000, 0x0000000084300000, 0x00000000d5580000)
  object space 68608K, 51% used [0x0000000080000000,0x0000000082284c10,0x0000000084300000)
 Metaspace       used 44325K, committed 45568K, reserved 1114112K
  class space    used 4559K, committed 5056K, reserved 1048576K
}
Event: 40.757 GC heap before
{Heap before GC invocations=30 (full 2):
 PSYoungGen      total 20992K, used 20848K [0x00000000d5580000, 0x00000000d6c00000, 0x0000000100000000)
  eden space 19968K, 100% used [0x00000000d5580000,0x00000000d6900000,0x00000000d6900000)
  from space 1024K, 85% used [0x00000000d6900000,0x00000000d69dc030,0x00000000d6a00000)
  to   space 1536K, 0% used [0x00000000d6a80000,0x00000000d6a80000,0x00000000d6c00000)
 ParOldGen       total 68608K, used 35347K [0x0000000080000000, 0x0000000084300000, 0x00000000d5580000)
  object space 68608K, 51% used [0x0000000080000000,0x0000000082284c10,0x0000000084300000)
 Metaspace       used 45309K, committed 46528K, reserved 1114112K
  class space    used 4652K, committed 5184K, reserved 1048576K
}
Event: 40.759 GC heap after
{Heap after GC invocations=30 (full 2):
 PSYoungGen      total 20992K, used 596K [0x00000000d5580000, 0x00000000d6b80000, 0x0000000100000000)
  eden space 19968K, 0% used [0x00000000d5580000,0x00000000d5580000,0x00000000d6900000)
  from space 1024K, 58% used [0x00000000d6a80000,0x00000000d6b15170,0x00000000d6b80000)
  to   space 1024K, 0% used [0x00000000d6900000,0x00000000d6900000,0x00000000d6a00000)
 ParOldGen       total 68608K, used 36016K [0x0000000080000000, 0x0000000084300000, 0x00000000d5580000)
  object space 68608K, 52% used [0x0000000080000000,0x000000008232c020,0x0000000084300000)
 Metaspace       used 45309K, committed 46528K, reserved 1114112K
  class space    used 4652K, committed 5184K, reserved 1048576K
}

