# JRE version: OpenJDK Runtime Environment Temurin-21.0.8+9 (21.0.8+9) (build 21.0.8+9-LTS)
# Java VM: OpenJDK 64-Bit Server VM Temurin-21.0.8+9 (21.0.8+9-LTS, mixed mode, sharing, tiered, compressed oops, compressed class ptrs, parallel gc, windows-amd64)
GC Precious Log:
 CardTable entry size: 512
 CPUs: 8 total, 8 available
 Memory: 7929M
 Large Page Support: Disabled
 NUMA Support: Disabled
 Compressed Oops: Enabled (32-bit)
 Alignments: Space 512K, Generation 512K, Heap 2M
 Heap Min Capacity: 100M
 Heap Initial Capacity: 100M
 Heap Max Capacity: 2G
 Pre-touch: Disabled
 Parallel Workers: 8
Heap:
 PSYoungGen      total 23040K, used 18678K [0x00000000d5580000, 0x00000000d6f80000, 0x0000000100000000)
  eden space 22016K, 81% used [0x00000000d5580000,0x00000000d66ed810,0x00000000d6b00000)
  from space 1024K, 81% used [0x00000000d6e80000,0x00000000d6f50000,0x00000000d6f80000)
  to   space 1536K, 0% used [0x00000000d6c80000,0x00000000d6c80000,0x00000000d6e00000)
 ParOldGen       total 68608K, used 25358K [0x0000000080000000, 0x0000000084300000, 0x00000000d5580000)
  object space 68608K, 36% used [0x0000000080000000,0x00000000818c3af8,0x0000000084300000)
 Metaspace       used 53002K, committed 54144K, reserved 1114112K
  class space    used 5864K, committed 6336K, reserved 1048576K
GC Heap History (20 events):
Event: 33.036 GC heap before
{Heap before GC invocations=13 (full 1):
 PSYoungGen      total 25088K, used 24642K [0x00000000d5580000, 0x00000000d7380000, 0x0000000100000000)
  eden space 22528K, 99% used [0x00000000d5580000,0x00000000d6b716e8,0x00000000d6b80000)
  from space 2560K, 84% used [0x00000000d7000000,0x00000000d721f498,0x00000000d7280000)
  to   space 1024K, 0% used [0x00000000d7280000,0x00000000d7280000,0x00000000d7380000)
 ParOldGen       total 68608K, used 15669K [0x0000000080000000, 0x0000000084300000, 0x00000000d5580000)
  object space 68608K, 22% used [0x0000000080000000,0x0000000080f4d618,0x0000000084300000)
 Metaspace       used 33302K, committed 34304K, reserved 1114112K
  class space    used 3380K, committed 3776K, reserved 1048576K
}
Event: 33.039 GC heap after
{Heap after GC invocations=13 (full 1):
 PSYoungGen      total 23040K, used 1013K [0x00000000d5580000, 0x00000000d7400000, 0x0000000100000000)
  eden space 22016K, 0% used [0x00000000d5580000,0x00000000d5580000,0x00000000d6b00000)
  from space 1024K, 98% used [0x00000000d7280000,0x00000000d737d600,0x00000000d7380000)
  to   space 4608K, 0% used [0x00000000d6b00000,0x00000000d6b00000,0x00000000d6f80000)
 ParOldGen       total 68608K, used 18530K [0x0000000080000000, 0x0000000084300000, 0x00000000d5580000)
  object space 68608K, 27% used [0x0000000080000000,0x0000000081218900,0x0000000084300000)
 Metaspace       used 33302K, committed 34304K, reserved 1114112K
  class space    used 3380K, committed 3776K, reserved 1048576K
}
Event: 33.169 GC heap before
{Heap before GC invocations=14 (full 1):
 PSYoungGen      total 23040K, used 18000K [0x00000000d5580000, 0x00000000d7400000, 0x0000000100000000)
  eden space 22016K, 77% used [0x00000000d5580000,0x00000000d6616bf8,0x00000000d6b00000)
  from space 1024K, 98% used [0x00000000d7280000,0x00000000d737d600,0x00000000d7380000)
  to   space 4608K, 0% used [0x00000000d6b00000,0x00000000d6b00000,0x00000000d6f80000)
 ParOldGen       total 68608K, used 18530K [0x0000000080000000, 0x0000000084300000, 0x00000000d5580000)
  object space 68608K, 27% used [0x0000000080000000,0x0000000081218900,0x0000000084300000)
 Metaspace       used 34917K, committed 35840K, reserved 1114112K
  class space    used 3597K, committed 3968K, reserved 1048576K
}
Event: 33.171 GC heap after
{Heap after GC invocations=14 (full 1):
 PSYoungGen      total 26624K, used 1491K [0x00000000d5580000, 0x00000000d7300000, 0x0000000100000000)
  eden space 22016K, 0% used [0x00000000d5580000,0x00000000d5580000,0x00000000d6b00000)
  from space 4608K, 32% used [0x00000000d6b00000,0x00000000d6c74e00,0x00000000d6f80000)
  to   space 2560K, 0% used [0x00000000d7080000,0x00000000d7080000,0x00000000d7300000)
 ParOldGen       total 68608K, used 19238K [0x0000000080000000, 0x0000000084300000, 0x00000000d5580000)
  object space 68608K, 28% used [0x0000000080000000,0x00000000812c9910,0x0000000084300000)
 Metaspace       used 34917K, committed 35840K, reserved 1114112K
  class space    used 3597K, committed 3968K, reserved 1048576K
}
Event: 33.171 GC heap before
{Heap before GC invocations=15 (full 2):
 PSYoungGen      total 26624K, used 1491K [0x00000000d5580000, 0x00000000d7300000, 0x0000000100000000)
  eden space 22016K, 0% used [0x00000000d5580000,0x00000000d5580000,0x00000000d6b00000)
  from space 4608K, 32% used [0x00000000d6b00000,0x00000000d6c74e00,0x00000000d6f80000)
  to   space 2560K, 0% used [0x00000000d7080000,0x00000000d7080000,0x00000000d7300000)
 ParOldGen       total 68608K, used 19238K [0x0000000080000000, 0x0000000084300000, 0x00000000d5580000)
  object space 68608K, 28% used [0x0000000080000000,0x00000000812c9910,0x0000000084300000)
 Metaspace       used 34917K, committed 35840K, reserved 1114112K
  class space    used 3597K, committed 3968K, reserved 1048576K
}
Event: 33.196 GC heap after
{Heap after GC invocations=15 (full 2):
 PSYoungGen      total 26624K, used 0K [0x00000000d5580000, 0x00000000d7300000, 0x0000000100000000)
  eden space 22016K, 0% used [0x00000000d5580000,0x00000000d5580000,0x00000000d6b00000)
  from space 4608K, 0% used [0x00000000d6b00000,0x00000000d6b00000,0x00000000d6f80000)
  to   space 2560K, 0% used [0x00000000d7080000,0x00000000d7080000,0x00000000d7300000)
 ParOldGen       total 68608K, used 18797K [0x0000000080000000, 0x0000000084300000, 0x00000000d5580000)
  object space 68608K, 27% used [0x0000000080000000,0x000000008125b728,0x0000000084300000)
 Metaspace       used 34917K, committed 35840K, reserved 1114112K
  class space    used 3597K, committed 3968K, reserved 1048576K
}
Event: 33.427 GC heap before
{Heap before GC invocations=16 (full 2):
 PSYoungGen      total 26624K, used 21883K [0x00000000d5580000, 0x00000000d7300000, 0x0000000100000000)
  eden space 22016K, 99% used [0x00000000d5580000,0x00000000d6adee28,0x00000000d6b00000)
  from space 4608K, 0% used [0x00000000d6b00000,0x00000000d6b00000,0x00000000d6f80000)
  to   space 2560K, 0% used [0x00000000d7080000,0x00000000d7080000,0x00000000d7300000)
 ParOldGen       total 68608K, used 18797K [0x0000000080000000, 0x0000000084300000, 0x00000000d5580000)
  object space 68608K, 27% used [0x0000000080000000,0x000000008125b728,0x0000000084300000)
 Metaspace       used 38023K, committed 39104K, reserved 1114112K
  class space    used 4000K, committed 4480K, reserved 1048576K
}
Event: 33.430 GC heap after
{Heap after GC invocations=16 (full 2):
 PSYoungGen      total 23552K, used 1342K [0x00000000d5580000, 0x00000000d7200000, 0x0000000100000000)
  eden space 22016K, 0% used [0x00000000d5580000,0x00000000d5580000,0x00000000d6b00000)
  from space 1536K, 87% used [0x00000000d7080000,0x00000000d71cfab8,0x00000000d7200000)
  to   space 2048K, 0% used [0x00000000d6e00000,0x00000000d6e00000,0x00000000d7000000)
 ParOldGen       total 68608K, used 18805K [0x0000000080000000, 0x0000000084300000, 0x00000000d5580000)
  object space 68608K, 27% used [0x0000000080000000,0x000000008125d728,0x0000000084300000)
 Metaspace       used 38023K, committed 39104K, reserved 1114112K
  class space    used 4000K, committed 4480K, reserved 1048576K
}
Event: 33.869 GC heap before
{Heap before GC invocations=17 (full 2):
 PSYoungGen      total 23552K, used 23358K [0x00000000d5580000, 0x00000000d7200000, 0x0000000100000000)
  eden space 22016K, 100% used [0x00000000d5580000,0x00000000d6b00000,0x00000000d6b00000)
  from space 1536K, 87% used [0x00000000d7080000,0x00000000d71cfab8,0x00000000d7200000)
  to   space 2048K, 0% used [0x00000000d6e00000,0x00000000d6e00000,0x00000000d7000000)
 ParOldGen       total 68608K, used 18805K [0x0000000080000000, 0x0000000084300000, 0x00000000d5580000)
  object space 68608K, 27% used [0x0000000080000000,0x000000008125d728,0x0000000084300000)
 Metaspace       used 40013K, committed 41088K, reserved 1114112K
  class space    used 4277K, committed 4736K, reserved 1048576K
}
Event: 33.872 GC heap after
{Heap after GC invocations=17 (full 2):
 PSYoungGen      total 23552K, used 1065K [0x00000000d5580000, 0x00000000d7100000, 0x0000000100000000)
  eden space 22016K, 0% used [0x00000000d5580000,0x00000000d5580000,0x00000000d6b00000)
  from space 1536K, 69% used [0x00000000d6e00000,0x00000000d6f0a460,0x00000000d6f80000)
  to   space 1536K, 0% used [0x00000000d6f80000,0x00000000d6f80000,0x00000000d7100000)
 ParOldGen       total 68608K, used 19603K [0x0000000080000000, 0x0000000084300000, 0x00000000d5580000)
  object space 68608K, 28% used [0x0000000080000000,0x0000000081324e30,0x0000000084300000)
 Metaspace       used 40013K, committed 41088K, reserved 1114112K
  class space    used 4277K, committed 4736K, reserved 1048576K
}
Event: 34.315 GC heap before
{Heap before GC invocations=18 (full 2):
 PSYoungGen      total 23552K, used 23081K [0x00000000d5580000, 0x00000000d7100000, 0x0000000100000000)
  eden space 22016K, 100% used [0x00000000d5580000,0x00000000d6b00000,0x00000000d6b00000)
  from space 1536K, 69% used [0x00000000d6e00000,0x00000000d6f0a460,0x00000000d6f80000)
  to   space 1536K, 0% used [0x00000000d6f80000,0x00000000d6f80000,0x00000000d7100000)
 ParOldGen       total 68608K, used 19603K [0x0000000080000000, 0x0000000084300000, 0x00000000d5580000)
  object space 68608K, 28% used [0x0000000080000000,0x0000000081324e30,0x0000000084300000)
 Metaspace       used 41920K, committed 42944K, reserved 1114112K
  class space    used 4500K, committed 4928K, reserved 1048576K
}
Event: 34.318 GC heap after
{Heap after GC invocations=18 (full 2):
 PSYoungGen      total 23040K, used 896K [0x00000000d5580000, 0x00000000d7080000, 0x0000000100000000)
  eden space 22016K, 0% used [0x00000000d5580000,0x00000000d5580000,0x00000000d6b00000)
  from space 1024K, 87% used [0x00000000d6f80000,0x00000000d7060000,0x00000000d7080000)
  to   space 1024K, 0% used [0x00000000d6e80000,0x00000000d6e80000,0x00000000d6f80000)
 ParOldGen       total 68608K, used 20484K [0x0000000080000000, 0x0000000084300000, 0x00000000d5580000)
  object space 68608K, 29% used [0x0000000080000000,0x00000000814012b0,0x0000000084300000)
 Metaspace       used 41920K, committed 42944K, reserved 1114112K
  class space    used 4500K, committed 4928K, reserved 1048576K
}
Event: 34.683 GC heap before
{Heap before GC invocations=19 (full 2):
 PSYoungGen      total 23040K, used 22912K [0x00000000d5580000, 0x00000000d7080000, 0x0000000100000000)
  eden space 22016K, 100% used [0x00000000d5580000,0x00000000d6b00000,0x00000000d6b00000)
  from space 1024K, 87% used [0x00000000d6f80000,0x00000000d7060000,0x00000000d7080000)
  to   space 1024K, 0% used [0x00000000d6e80000,0x00000000d6e80000,0x00000000d6f80000)
 ParOldGen       total 68608K, used 20484K [0x0000000080000000, 0x0000000084300000, 0x00000000d5580000)
  object space 68608K, 29% used [0x0000000080000000,0x00000000814012b0,0x0000000084300000)
 Metaspace       used 44293K, committed 45312K, reserved 1114112K
  class space    used 4822K, committed 5248K, reserved 1048576K
}
Event: 34.686 GC heap after
{Heap after GC invocations=19 (full 2):
 PSYoungGen      total 23040K, used 992K [0x00000000d5580000, 0x00000000d7100000, 0x0000000100000000)
  eden space 22016K, 0% used [0x00000000d5580000,0x00000000d5580000,0x00000000d6b00000)
  from space 1024K, 96% used [0x00000000d6e80000,0x00000000d6f78040,0x00000000d6f80000)
  to   space 1536K, 0% used [0x00000000d6f80000,0x00000000d6f80000,0x00000000d7100000)
 ParOldGen       total 68608K, used 21940K [0x0000000080000000, 0x0000000084300000, 0x00000000d5580000)
  object space 68608K, 31% used [0x0000000080000000,0x000000008156d2b0,0x0000000084300000)
 Metaspace       used 44293K, committed 45312K, reserved 1114112K
  class space    used 4822K, committed 5248K, reserved 1048576K
}
Event: 35.155 GC heap before
{Heap before GC invocations=20 (full 2):
 PSYoungGen      total 23040K, used 23008K [0x00000000d5580000, 0x00000000d7100000, 0x0000000100000000)
  eden space 22016K, 100% used [0x00000000d5580000,0x00000000d6b00000,0x00000000d6b00000)
  from space 1024K, 96% used [0x00000000d6e80000,0x00000000d6f78040,0x00000000d6f80000)
  to   space 1536K, 0% used [0x00000000d6f80000,0x00000000d6f80000,0x00000000d7100000)
 ParOldGen       total 68608K, used 21940K [0x0000000080000000, 0x0000000084300000, 0x00000000d5580000)
  object space 68608K, 31% used [0x0000000080000000,0x000000008156d2b0,0x0000000084300000)
 Metaspace       used 46885K, committed 48000K, reserved 1114112K
  class space    used 5184K, committed 5632K, reserved 1048576K
}
Event: 35.159 GC heap after
{Heap after GC invocations=20 (full 2):
 PSYoungGen      total 23552K, used 1408K [0x00000000d5580000, 0x00000000d7100000, 0x0000000100000000)
  eden space 22016K, 0% used [0x00000000d5580000,0x00000000d5580000,0x00000000d6b00000)
  from space 1536K, 91% used [0x00000000d6f80000,0x00000000d70e0000,0x00000000d7100000)
  to   space 2048K, 0% used [0x00000000d6d00000,0x00000000d6d00000,0x00000000d6f00000)
 ParOldGen       total 68608K, used 22908K [0x0000000080000000, 0x0000000084300000, 0x00000000d5580000)
  object space 68608K, 33% used [0x0000000080000000,0x000000008165f338,0x0000000084300000)
 Metaspace       used 46885K, committed 48000K, reserved 1114112K
  class space    used 5184K, committed 5632K, reserved 1048576K
}
Event: 35.698 GC heap before
{Heap before GC invocations=21 (full 2):
 PSYoungGen      total 23552K, used 23423K [0x00000000d5580000, 0x00000000d7100000, 0x0000000100000000)
  eden space 22016K, 99% used [0x00000000d5580000,0x00000000d6afffe8,0x00000000d6b00000)
  from space 1536K, 91% used [0x00000000d6f80000,0x00000000d70e0000,0x00000000d7100000)
  to   space 2048K, 0% used [0x00000000d6d00000,0x00000000d6d00000,0x00000000d6f00000)
 ParOldGen       total 68608K, used 22908K [0x0000000080000000, 0x0000000084300000, 0x00000000d5580000)
  object space 68608K, 33% used [0x0000000080000000,0x000000008165f338,0x0000000084300000)
 Metaspace       used 49160K, committed 50304K, reserved 1114112K
  class space    used 5425K, committed 5952K, reserved 1048576K
}
Event: 35.702 GC heap after
{Heap after GC invocations=21 (full 2):
 PSYoungGen      total 23552K, used 1417K [0x00000000d5580000, 0x00000000d7000000, 0x0000000100000000)
  eden space 22016K, 0% used [0x00000000d5580000,0x00000000d5580000,0x00000000d6b00000)
  from space 1536K, 92% used [0x00000000d6d00000,0x00000000d6e625f0,0x00000000d6e80000)
  to   space 1536K, 0% used [0x00000000d6e80000,0x00000000d6e80000,0x00000000d7000000)
 ParOldGen       total 68608K, used 24152K [0x0000000080000000, 0x0000000084300000, 0x00000000d5580000)
  object space 68608K, 35% used [0x0000000080000000,0x0000000081796368,0x0000000084300000)
 Metaspace       used 49160K, committed 50304K, reserved 1114112K
  class space    used 5425K, committed 5952K, reserved 1048576K
}
Event: 36.502 GC heap before
{Heap before GC invocations=22 (full 2):
 PSYoungGen      total 23552K, used 23433K [0x00000000d5580000, 0x00000000d7000000, 0x0000000100000000)
  eden space 22016K, 100% used [0x00000000d5580000,0x00000000d6b00000,0x00000000d6b00000)
  from space 1536K, 92% used [0x00000000d6d00000,0x00000000d6e625f0,0x00000000d6e80000)
  to   space 1536K, 0% used [0x00000000d6e80000,0x00000000d6e80000,0x00000000d7000000)
 ParOldGen       total 68608K, used 24152K [0x0000000080000000, 0x0000000084300000, 0x00000000d5580000)
  object space 68608K, 35% used [0x0000000080000000,0x0000000081796368,0x0000000084300000)
 Metaspace       used 50752K, committed 51904K, reserved 1114112K
  class space    used 5601K, committed 6080K, reserved 1048576K
}
Event: 36.507 GC heap after
{Heap after GC invocations=22 (full 2):
 PSYoungGen      total 23040K, used 832K [0x00000000d5580000, 0x00000000d6f80000, 0x0000000100000000)
  eden space 22016K, 0% used [0x00000000d5580000,0x00000000d5580000,0x00000000d6b00000)
  from space 1024K, 81% used [0x00000000d6e80000,0x00000000d6f50000,0x00000000d6f80000)
  to   space 1536K, 0% used [0x00000000d6c80000,0x00000000d6c80000,0x00000000d6e00000)
 ParOldGen       total 68608K, used 25358K [0x0000000080000000, 0x0000000084300000, 0x00000000d5580000)
  object space 68608K, 36% used [0x0000000080000000,0x00000000818c3af8,0x0000000084300000)
 Metaspace       used 50752K, committed 51904K, reserved 1114112K
  class space    used 5601K, committed 6080K, reserved 1048576K
}

